2024.11.23 18:17:00 INFO  Started: Metals version 1.4.1 in folders '/Users/stephensagarino/Desktop/chat-me' for client Visual Studio Code 1.95.3.
2024.11.23 18:17:04 WARN  Flyway upgrade recommended: H2 2.3.232 is newer than this version of Flyway and support has not been tested. The latest supported version of H2 is 2.2.224.
2024.11.23 18:17:05 INFO  Attempting to connect to the build server...
2024.11.23 18:17:05 INFO  No running Bloop server found, starting one.
2024.11.23 18:17:19 INFO  Starting compilation server
2024.11.23 18:17:29 INFO  tracing is disabled for protocol BSP, to enable tracing of incoming and outgoing JSON messages create an empty file at /Users/stephensagarino/Desktop/chat-me/.metals/bsp.trace.json or /Users/stephensagarino/Library/Caches/org.scalameta.metals/bsp.trace.json
2024.11.23 18:17:30 WARN  Scala instance jar /Users/stsagarino/Library/Caches/Coursier/v1/https/repo1.maven.org/maven2/org/scala-lang/scala3-library_3/3.3.1/scala3-library_3-3.3.1.jar doesn't exist!
2024.11.23 18:17:30 WARN  Scala instance jar /Users/stsagarino/Library/Caches/Coursier/v1/https/repo1.maven.org/maven2/org/scala-lang/scala3-library_3/3.3.1/scala3-library_3-3.3.1.jar doesn't exist!
2024.11.23 18:17:30 WARN  Scala instance jar /Users/stsagarino/Library/Caches/Coursier/v1/https/repo1.maven.org/maven2/org/scala-lang/scala-library/2.13.12/scala-library-2.13.12.jar doesn't exist!
2024.11.23 18:17:30 WARN  Scala instance jar /Users/stsagarino/Library/Caches/Coursier/v1/https/repo1.maven.org/maven2/org/scala-lang/scala-library/2.13.12/scala-library-2.13.12.jar doesn't exist!
2024.11.23 18:17:30 WARN  Scala instance jar /Users/stsagarino/Library/Caches/Coursier/v1/https/repo1.maven.org/maven2/org/scala-lang/scala3-compiler_3/3.3.1/scala3-compiler_3-3.3.1.jar doesn't exist!
2024.11.23 18:17:30 WARN  Scala instance jar /Users/stsagarino/Library/Caches/Coursier/v1/https/repo1.maven.org/maven2/org/scala-lang/scala3-compiler_3/3.3.1/scala3-compiler_3-3.3.1.jar doesn't exist!
2024.11.23 18:17:30 WARN  Scala instance jar /Users/stsagarino/Library/Caches/Coursier/v1/https/repo1.maven.org/maven2/org/scala-lang/scala3-interfaces/3.3.1/scala3-interfaces-3.3.1.jar doesn't exist!
2024.11.23 18:17:30 WARN  Scala instance jar /Users/stsagarino/Library/Caches/Coursier/v1/https/repo1.maven.org/maven2/org/scala-lang/scala3-interfaces/3.3.1/scala3-interfaces-3.3.1.jar doesn't exist!
2024.11.23 18:17:30 WARN  Scala instance jar /Users/stsagarino/Library/Caches/Coursier/v1/https/repo1.maven.org/maven2/org/scala-lang/tasty-core_3/3.3.1/tasty-core_3-3.3.1.jar doesn't exist!
2024.11.23 18:17:30 WARN  Scala instance jar /Users/stsagarino/Library/Caches/Coursier/v1/https/repo1.maven.org/maven2/org/scala-lang/tasty-core_3/3.3.1/tasty-core_3-3.3.1.jar doesn't exist!
2024.11.23 18:17:30 WARN  Scala instance jar /Users/stsagarino/Library/Caches/Coursier/v1/https/repo1.maven.org/maven2/org/scala-lang/modules/scala-asm/9.5.0-scala-1/scala-asm-9.5.0-scala-1.jar doesn't exist!
2024.11.23 18:17:30 WARN  Scala instance jar /Users/stsagarino/Library/Caches/Coursier/v1/https/repo1.maven.org/maven2/org/scala-lang/modules/scala-asm/9.5.0-scala-1/scala-asm-9.5.0-scala-1.jar doesn't exist!
2024.11.23 18:17:30 WARN  Scala instance jar /Users/stsagarino/Library/Caches/Coursier/v1/https/repo1.maven.org/maven2/org/scala-sbt/compiler-interface/1.3.5/compiler-interface-1.3.5.jar doesn't exist!
2024.11.23 18:17:30 WARN  Scala instance jar /Users/stsagarino/Library/Caches/Coursier/v1/https/repo1.maven.org/maven2/org/scala-sbt/compiler-interface/1.3.5/compiler-interface-1.3.5.jar doesn't exist!
2024.11.23 18:17:30 WARN  Scala instance jar /Users/stsagarino/Library/Caches/Coursier/v1/https/repo1.maven.org/maven2/org/jline/jline-reader/3.19.0/jline-reader-3.19.0.jar doesn't exist!
2024.11.23 18:17:30 WARN  Scala instance jar /Users/stsagarino/Library/Caches/Coursier/v1/https/repo1.maven.org/maven2/org/jline/jline-reader/3.19.0/jline-reader-3.19.0.jar doesn't exist!
2024.11.23 18:17:30 WARN  Scala instance jar /Users/stsagarino/Library/Caches/Coursier/v1/https/repo1.maven.org/maven2/org/jline/jline-terminal/3.19.0/jline-terminal-3.19.0.jar doesn't exist!
2024.11.23 18:17:30 WARN  Scala instance jar /Users/stsagarino/Library/Caches/Coursier/v1/https/repo1.maven.org/maven2/org/jline/jline-terminal/3.19.0/jline-terminal-3.19.0.jar doesn't exist!
2024.11.23 18:17:30 WARN  Scala instance jar /Users/stsagarino/Library/Caches/Coursier/v1/https/repo1.maven.org/maven2/org/jline/jline-terminal-jna/3.19.0/jline-terminal-jna-3.19.0.jar doesn't exist!
2024.11.23 18:17:30 WARN  Scala instance jar /Users/stsagarino/Library/Caches/Coursier/v1/https/repo1.maven.org/maven2/org/jline/jline-terminal-jna/3.19.0/jline-terminal-jna-3.19.0.jar doesn't exist!
2024.11.23 18:17:30 WARN  Scala instance jar /Users/stsagarino/Library/Caches/Coursier/v1/https/repo1.maven.org/maven2/com/google/protobuf/protobuf-java/3.7.0/protobuf-java-3.7.0.jar doesn't exist!
2024.11.23 18:17:30 WARN  Scala instance jar /Users/stsagarino/Library/Caches/Coursier/v1/https/repo1.maven.org/maven2/com/google/protobuf/protobuf-java/3.7.0/protobuf-java-3.7.0.jar doesn't exist!
2024.11.23 18:17:30 WARN  Scala instance jar /Users/stsagarino/Library/Caches/Coursier/v1/https/repo1.maven.org/maven2/org/scala-sbt/util-interface/1.3.0/util-interface-1.3.0.jar doesn't exist!
2024.11.23 18:17:30 WARN  Scala instance jar /Users/stsagarino/Library/Caches/Coursier/v1/https/repo1.maven.org/maven2/org/scala-sbt/util-interface/1.3.0/util-interface-1.3.0.jar doesn't exist!
2024.11.23 18:17:30 WARN  Scala instance jar /Users/stsagarino/Library/Caches/Coursier/v1/https/repo1.maven.org/maven2/net/java/dev/jna/jna/5.3.1/jna-5.3.1.jar doesn't exist!
2024.11.23 18:17:30 WARN  Scala instance jar /Users/stsagarino/Library/Caches/Coursier/v1/https/repo1.maven.org/maven2/net/java/dev/jna/jna/5.3.1/jna-5.3.1.jar doesn't exist!
2024.11.23 18:17:30 WARN  Scala instance jar /Users/stsagarino/Library/Caches/Coursier/v1/https/repo1.maven.org/maven2/org/scala-lang/scaladoc_3/3.3.1/scaladoc_3-3.3.1.jar doesn't exist!
2024.11.23 18:17:30 WARN  Scala instance jar /Users/stsagarino/Library/Caches/Coursier/v1/https/repo1.maven.org/maven2/org/scala-lang/scaladoc_3/3.3.1/scaladoc_3-3.3.1.jar doesn't exist!
2024.11.23 18:17:30 WARN  Scala instance jar /Users/stsagarino/Library/Caches/Coursier/v1/https/repo1.maven.org/maven2/org/scala-lang/scala3-tasty-inspector_3/3.3.1/scala3-tasty-inspector_3-3.3.1.jar doesn't exist!
2024.11.23 18:17:30 WARN  Scala instance jar /Users/stsagarino/Library/Caches/Coursier/v1/https/repo1.maven.org/maven2/org/scala-lang/scala3-tasty-inspector_3/3.3.1/scala3-tasty-inspector_3-3.3.1.jar doesn't exist!
2024.11.23 18:17:30 WARN  Scala instance jar /Users/stsagarino/Library/Caches/Coursier/v1/https/repo1.maven.org/maven2/com/vladsch/flexmark/flexmark/0.62.2/flexmark-0.62.2.jar doesn't exist!
2024.11.23 18:17:30 WARN  Scala instance jar /Users/stsagarino/Library/Caches/Coursier/v1/https/repo1.maven.org/maven2/com/vladsch/flexmark/flexmark/0.62.2/flexmark-0.62.2.jar doesn't exist!
2024.11.23 18:17:30 WARN  Scala instance jar /Users/stsagarino/Library/Caches/Coursier/v1/https/repo1.maven.org/maven2/com/vladsch/flexmark/flexmark-util-ast/0.62.2/flexmark-util-ast-0.62.2.jar doesn't exist!
2024.11.23 18:17:30 WARN  Scala instance jar /Users/stsagarino/Library/Caches/Coursier/v1/https/repo1.maven.org/maven2/com/vladsch/flexmark/flexmark-util-data/0.62.2/flexmark-util-data-0.62.2.jar doesn't exist!
2024.11.23 18:17:30 WARN  Scala instance jar /Users/stsagarino/Library/Caches/Coursier/v1/https/repo1.maven.org/maven2/com/vladsch/flexmark/flexmark-util-html/0.62.2/flexmark-util-html-0.62.2.jar doesn't exist!
2024.11.23 18:17:30 WARN  Scala instance jar /Users/stsagarino/Library/Caches/Coursier/v1/https/repo1.maven.org/maven2/com/vladsch/flexmark/flexmark-util-ast/0.62.2/flexmark-util-ast-0.62.2.jar doesn't exist!
2024.11.23 18:17:30 WARN  Scala instance jar /Users/stsagarino/Library/Caches/Coursier/v1/https/repo1.maven.org/maven2/com/vladsch/flexmark/flexmark-ext-anchorlink/0.62.2/flexmark-ext-anchorlink-0.62.2.jar doesn't exist!
2024.11.23 18:17:30 WARN  Scala instance jar /Users/stsagarino/Library/Caches/Coursier/v1/https/repo1.maven.org/maven2/com/vladsch/flexmark/flexmark-util-data/0.62.2/flexmark-util-data-0.62.2.jar doesn't exist!
2024.11.23 18:17:30 WARN  Scala instance jar /Users/stsagarino/Library/Caches/Coursier/v1/https/repo1.maven.org/maven2/com/vladsch/flexmark/flexmark-ext-autolink/0.62.2/flexmark-ext-autolink-0.62.2.jar doesn't exist!
2024.11.23 18:17:30 WARN  Scala instance jar /Users/stsagarino/Library/Caches/Coursier/v1/https/repo1.maven.org/maven2/com/vladsch/flexmark/flexmark-util-html/0.62.2/flexmark-util-html-0.62.2.jar doesn't exist!
2024.11.23 18:17:30 WARN  Scala instance jar /Users/stsagarino/Library/Caches/Coursier/v1/https/repo1.maven.org/maven2/com/vladsch/flexmark/flexmark-ext-emoji/0.62.2/flexmark-ext-emoji-0.62.2.jar doesn't exist!
2024.11.23 18:17:30 WARN  Scala instance jar /Users/stsagarino/Library/Caches/Coursier/v1/https/repo1.maven.org/maven2/com/vladsch/flexmark/flexmark-ext-gfm-strikethrough/0.62.2/flexmark-ext-gfm-strikethrough-0.62.2.jar doesn't exist!
2024.11.23 18:17:30 WARN  Scala instance jar /Users/stsagarino/Library/Caches/Coursier/v1/https/repo1.maven.org/maven2/com/vladsch/flexmark/flexmark-ext-gfm-tasklist/0.62.2/flexmark-ext-gfm-tasklist-0.62.2.jar doesn't exist!
2024.11.23 18:17:30 WARN  Scala instance jar /Users/stsagarino/Library/Caches/Coursier/v1/https/repo1.maven.org/maven2/com/vladsch/flexmark/flexmark-ext-anchorlink/0.62.2/flexmark-ext-anchorlink-0.62.2.jar doesn't exist!
2024.11.23 18:17:30 WARN  Scala instance jar /Users/stsagarino/Library/Caches/Coursier/v1/https/repo1.maven.org/maven2/com/vladsch/flexmark/flexmark-ext-wikilink/0.62.2/flexmark-ext-wikilink-0.62.2.jar doesn't exist!
2024.11.23 18:17:30 WARN  Scala instance jar /Users/stsagarino/Library/Caches/Coursier/v1/https/repo1.maven.org/maven2/com/vladsch/flexmark/flexmark-ext-autolink/0.62.2/flexmark-ext-autolink-0.62.2.jar doesn't exist!
2024.11.23 18:17:30 WARN  Scala instance jar /Users/stsagarino/Library/Caches/Coursier/v1/https/repo1.maven.org/maven2/com/vladsch/flexmark/flexmark-ext-tables/0.62.2/flexmark-ext-tables-0.62.2.jar doesn't exist!
2024.11.23 18:17:30 WARN  Scala instance jar /Users/stsagarino/Library/Caches/Coursier/v1/https/repo1.maven.org/maven2/com/vladsch/flexmark/flexmark-ext-emoji/0.62.2/flexmark-ext-emoji-0.62.2.jar doesn't exist!
2024.11.23 18:17:30 WARN  Scala instance jar /Users/stsagarino/Library/Caches/Coursier/v1/https/repo1.maven.org/maven2/com/vladsch/flexmark/flexmark-ext-gfm-strikethrough/0.62.2/flexmark-ext-gfm-strikethrough-0.62.2.jar doesn't exist!
2024.11.23 18:17:30 WARN  Scala instance jar /Users/stsagarino/Library/Caches/Coursier/v1/https/repo1.maven.org/maven2/com/vladsch/flexmark/flexmark-ext-yaml-front-matter/0.62.2/flexmark-ext-yaml-front-matter-0.62.2.jar doesn't exist!
2024.11.23 18:17:30 WARN  Scala instance jar /Users/stsagarino/Library/Caches/Coursier/v1/https/repo1.maven.org/maven2/nl/big-o/liqp/0.8.2/liqp-0.8.2.jar doesn't exist!
2024.11.23 18:17:30 WARN  Scala instance jar /Users/stsagarino/Library/Caches/Coursier/v1/https/repo1.maven.org/maven2/com/vladsch/flexmark/flexmark-ext-gfm-tasklist/0.62.2/flexmark-ext-gfm-tasklist-0.62.2.jar doesn't exist!
2024.11.23 18:17:30 WARN  Scala instance jar /Users/stsagarino/Library/Caches/Coursier/v1/https/repo1.maven.org/maven2/org/jsoup/jsoup/1.14.3/jsoup-1.14.3.jar doesn't exist!
2024.11.23 18:17:30 WARN  Scala instance jar /Users/stsagarino/Library/Caches/Coursier/v1/https/repo1.maven.org/maven2/com/fasterxml/jackson/dataformat/jackson-dataformat-yaml/2.15.1/jackson-dataformat-yaml-2.15.1.jar doesn't exist!
2024.11.23 18:17:30 WARN  Scala instance jar /Users/stsagarino/Library/Caches/Coursier/v1/https/repo1.maven.org/maven2/com/vladsch/flexmark/flexmark-util-builder/0.62.2/flexmark-util-builder-0.62.2.jar doesn't exist!
2024.11.23 18:17:30 WARN  Scala instance jar /Users/stsagarino/Library/Caches/Coursier/v1/https/repo1.maven.org/maven2/com/vladsch/flexmark/flexmark-util-collection/0.62.2/flexmark-util-collection-0.62.2.jar doesn't exist!
2024.11.23 18:17:30 WARN  Scala instance jar /Users/stsagarino/Library/Caches/Coursier/v1/https/repo1.maven.org/maven2/com/vladsch/flexmark/flexmark-util-dependency/0.62.2/flexmark-util-dependency-0.62.2.jar doesn't exist!
2024.11.23 18:17:30 WARN  Scala instance jar /Users/stsagarino/Library/Caches/Coursier/v1/https/repo1.maven.org/maven2/com/vladsch/flexmark/flexmark-util-format/0.62.2/flexmark-util-format-0.62.2.jar doesn't exist!
2024.11.23 18:17:30 WARN  Scala instance jar /Users/stsagarino/Library/Caches/Coursier/v1/https/repo1.maven.org/maven2/com/vladsch/flexmark/flexmark-util-misc/0.62.2/flexmark-util-misc-0.62.2.jar doesn't exist!
2024.11.23 18:17:30 WARN  Scala instance jar /Users/stsagarino/Library/Caches/Coursier/v1/https/repo1.maven.org/maven2/com/vladsch/flexmark/flexmark-ext-wikilink/0.62.2/flexmark-ext-wikilink-0.62.2.jar doesn't exist!
2024.11.23 18:17:30 WARN  Scala instance jar /Users/stsagarino/Library/Caches/Coursier/v1/https/repo1.maven.org/maven2/com/vladsch/flexmark/flexmark-util-sequence/0.62.2/flexmark-util-sequence-0.62.2.jar doesn't exist!
2024.11.23 18:17:30 WARN  Scala instance jar /Users/stsagarino/Library/Caches/Coursier/v1/https/repo1.maven.org/maven2/com/vladsch/flexmark/flexmark-ext-tables/0.62.2/flexmark-ext-tables-0.62.2.jar doesn't exist!
2024.11.23 18:17:30 WARN  Scala instance jar /Users/stsagarino/Library/Caches/Coursier/v1/https/repo1.maven.org/maven2/com/vladsch/flexmark/flexmark-util-visitor/0.62.2/flexmark-util-visitor-0.62.2.jar doesn't exist!
2024.11.23 18:17:30 WARN  Scala instance jar /Users/stsagarino/Library/Caches/Coursier/v1/https/repo1.maven.org/maven2/com/vladsch/flexmark/flexmark-ext-yaml-front-matter/0.62.2/flexmark-ext-yaml-front-matter-0.62.2.jar doesn't exist!
2024.11.23 18:17:30 WARN  Scala instance jar /Users/stsagarino/Library/Caches/Coursier/v1/https/repo1.maven.org/maven2/org/jetbrains/annotations/15.0/annotations-15.0.jar doesn't exist!
2024.11.23 18:17:30 WARN  Scala instance jar /Users/stsagarino/Library/Caches/Coursier/v1/https/repo1.maven.org/maven2/nl/big-o/liqp/0.8.2/liqp-0.8.2.jar doesn't exist!
2024.11.23 18:17:30 WARN  Scala instance jar /Users/stsagarino/Library/Caches/Coursier/v1/https/repo1.maven.org/maven2/org/jsoup/jsoup/1.14.3/jsoup-1.14.3.jar doesn't exist!
2024.11.23 18:17:30 WARN  Scala instance jar /Users/stsagarino/Library/Caches/Coursier/v1/https/repo1.maven.org/maven2/com/fasterxml/jackson/dataformat/jackson-dataformat-yaml/2.15.1/jackson-dataformat-yaml-2.15.1.jar doesn't exist!
2024.11.23 18:17:30 WARN  Scala instance jar /Users/stsagarino/Library/Caches/Coursier/v1/https/repo1.maven.org/maven2/com/vladsch/flexmark/flexmark-util/0.62.2/flexmark-util-0.62.2.jar doesn't exist!
2024.11.23 18:17:30 WARN  Scala instance jar /Users/stsagarino/Library/Caches/Coursier/v1/https/repo1.maven.org/maven2/org/nibor/autolink/autolink/0.6.0/autolink-0.6.0.jar doesn't exist!
2024.11.23 18:17:30 WARN  Scala instance jar /Users/stsagarino/Library/Caches/Coursier/v1/https/repo1.maven.org/maven2/com/vladsch/flexmark/flexmark-util-builder/0.62.2/flexmark-util-builder-0.62.2.jar doesn't exist!
2024.11.23 18:17:30 WARN  Scala instance jar /Users/stsagarino/Library/Caches/Coursier/v1/https/repo1.maven.org/maven2/com/vladsch/flexmark/flexmark-jira-converter/0.62.2/flexmark-jira-converter-0.62.2.jar doesn't exist!
2024.11.23 18:17:30 WARN  Scala instance jar /Users/stsagarino/Library/Caches/Coursier/v1/https/repo1.maven.org/maven2/com/vladsch/flexmark/flexmark-util-collection/0.62.2/flexmark-util-collection-0.62.2.jar doesn't exist!
2024.11.23 18:17:30 WARN  Scala instance jar /Users/stsagarino/Library/Caches/Coursier/v1/https/repo1.maven.org/maven2/org/antlr/antlr4-runtime/4.7.2/antlr4-runtime-4.7.2.jar doesn't exist!
2024.11.23 18:17:30 WARN  Scala instance jar /Users/stsagarino/Library/Caches/Coursier/v1/https/repo1.maven.org/maven2/com/fasterxml/jackson/core/jackson-annotations/2.15.1/jackson-annotations-2.15.1.jar doesn't exist!
2024.11.23 18:17:30 WARN  Scala instance jar /Users/stsagarino/Library/Caches/Coursier/v1/https/repo1.maven.org/maven2/com/fasterxml/jackson/core/jackson-core/2.15.1/jackson-core-2.15.1.jar doesn't exist!
2024.11.23 18:17:30 WARN  Scala instance jar /Users/stsagarino/Library/Caches/Coursier/v1/https/repo1.maven.org/maven2/com/fasterxml/jackson/core/jackson-databind/2.15.1/jackson-databind-2.15.1.jar doesn't exist!
2024.11.23 18:17:30 WARN  Scala instance jar /Users/stsagarino/Library/Caches/Coursier/v1/https/repo1.maven.org/maven2/com/fasterxml/jackson/datatype/jackson-datatype-jsr310/2.12.1/jackson-datatype-jsr310-2.12.1.jar doesn't exist!
2024.11.23 18:17:30 WARN  Scala instance jar /Users/stsagarino/Library/Caches/Coursier/v1/https/repo1.maven.org/maven2/com/vladsch/flexmark/flexmark-util-dependency/0.62.2/flexmark-util-dependency-0.62.2.jar doesn't exist!
2024.11.23 18:17:30 WARN  Scala instance jar /Users/stsagarino/Library/Caches/Coursier/v1/https/repo1.maven.org/maven2/com/vladsch/flexmark/flexmark-util-format/0.62.2/flexmark-util-format-0.62.2.jar doesn't exist!
2024.11.23 18:17:30 WARN  Scala instance jar /Users/stsagarino/Library/Caches/Coursier/v1/https/repo1.maven.org/maven2/com/vladsch/flexmark/flexmark-util-misc/0.62.2/flexmark-util-misc-0.62.2.jar doesn't exist!
2024.11.23 18:17:30 WARN  Scala instance jar /Users/stsagarino/Library/Caches/Coursier/v1/https/repo1.maven.org/maven2/com/vladsch/flexmark/flexmark-util-sequence/0.62.2/flexmark-util-sequence-0.62.2.jar doesn't exist!
2024.11.23 18:17:30 WARN  Scala instance jar /Users/stsagarino/Library/Caches/Coursier/v1/https/repo1.maven.org/maven2/com/vladsch/flexmark/flexmark-util-visitor/0.62.2/flexmark-util-visitor-0.62.2.jar doesn't exist!
2024.11.23 18:17:30 WARN  Scala instance jar /Users/stsagarino/Library/Caches/Coursier/v1/https/repo1.maven.org/maven2/org/jetbrains/annotations/15.0/annotations-15.0.jar doesn't exist!
2024.11.23 18:17:30 WARN  Scala instance jar /Users/stsagarino/Library/Caches/Coursier/v1/https/repo1.maven.org/maven2/com/vladsch/flexmark/flexmark-util/0.62.2/flexmark-util-0.62.2.jar doesn't exist!
2024.11.23 18:17:30 WARN  Scala instance jar /Users/stsagarino/Library/Caches/Coursier/v1/https/repo1.maven.org/maven2/org/nibor/autolink/autolink/0.6.0/autolink-0.6.0.jar doesn't exist!
2024.11.23 18:17:30 WARN  Scala instance jar /Users/stsagarino/Library/Caches/Coursier/v1/https/repo1.maven.org/maven2/com/vladsch/flexmark/flexmark-jira-converter/0.62.2/flexmark-jira-converter-0.62.2.jar doesn't exist!
2024.11.23 18:17:30 WARN  Scala instance jar /Users/stsagarino/Library/Caches/Coursier/v1/https/repo1.maven.org/maven2/org/antlr/antlr4-runtime/4.7.2/antlr4-runtime-4.7.2.jar doesn't exist!
2024.11.23 18:17:30 WARN  Scala instance jar /Users/stsagarino/Library/Caches/Coursier/v1/https/repo1.maven.org/maven2/com/fasterxml/jackson/core/jackson-annotations/2.15.1/jackson-annotations-2.15.1.jar doesn't exist!
2024.11.23 18:17:30 WARN  Scala instance jar /Users/stsagarino/Library/Caches/Coursier/v1/https/repo1.maven.org/maven2/com/fasterxml/jackson/core/jackson-core/2.15.1/jackson-core-2.15.1.jar doesn't exist!
2024.11.23 18:17:30 WARN  Scala instance jar /Users/stsagarino/Library/Caches/Coursier/v1/https/repo1.maven.org/maven2/com/fasterxml/jackson/core/jackson-databind/2.15.1/jackson-databind-2.15.1.jar doesn't exist!
2024.11.23 18:17:30 WARN  Scala instance jar /Users/stsagarino/Library/Caches/Coursier/v1/https/repo1.maven.org/maven2/com/fasterxml/jackson/datatype/jackson-datatype-jsr310/2.12.1/jackson-datatype-jsr310-2.12.1.jar doesn't exist!
2024.11.23 18:17:30 WARN  Scala instance jar /Users/stsagarino/Library/Caches/Coursier/v1/https/repo1.maven.org/maven2/ua/co/k/strftime4j/1.0.5/strftime4j-1.0.5.jar doesn't exist!
2024.11.23 18:17:30 WARN  Scala instance jar /Users/stsagarino/Library/Caches/Coursier/v1/https/repo1.maven.org/maven2/org/yaml/snakeyaml/2.0/snakeyaml-2.0.jar doesn't exist!
2024.11.23 18:17:30 WARN  Scala instance jar /Users/stsagarino/Library/Caches/Coursier/v1/https/repo1.maven.org/maven2/ua/co/k/strftime4j/1.0.5/strftime4j-1.0.5.jar doesn't exist!
2024.11.23 18:17:30 WARN  Scala instance jar /Users/stsagarino/Library/Caches/Coursier/v1/https/repo1.maven.org/maven2/org/yaml/snakeyaml/2.0/snakeyaml-2.0.jar doesn't exist!
2024.11.23 18:17:30 WARN  Scala instance jar /Users/stsagarino/Library/Caches/Coursier/v1/https/repo1.maven.org/maven2/com/vladsch/flexmark/flexmark-util-options/0.62.2/flexmark-util-options-0.62.2.jar doesn't exist!
2024.11.23 18:17:30 WARN  Scala instance jar /Users/stsagarino/Library/Caches/Coursier/v1/https/repo1.maven.org/maven2/com/vladsch/flexmark/flexmark-ext-ins/0.62.2/flexmark-ext-ins-0.62.2.jar doesn't exist!
2024.11.23 18:17:30 WARN  Scala instance jar /Users/stsagarino/Library/Caches/Coursier/v1/https/repo1.maven.org/maven2/com/vladsch/flexmark/flexmark-ext-superscript/0.62.2/flexmark-ext-superscript-0.62.2.jar doesn't exist!
2024.11.23 18:17:30 WARN  Scala instance jar /Users/stsagarino/Library/Caches/Coursier/v1/https/repo1.maven.org/maven2/com/vladsch/flexmark/flexmark-util-options/0.62.2/flexmark-util-options-0.62.2.jar doesn't exist!
2024.11.23 18:17:30 WARN  Scala instance jar /Users/stsagarino/Library/Caches/Coursier/v1/https/repo1.maven.org/maven2/com/vladsch/flexmark/flexmark-ext-ins/0.62.2/flexmark-ext-ins-0.62.2.jar doesn't exist!
2024.11.23 18:17:30 WARN  Scala instance jar /Users/stsagarino/Library/Caches/Coursier/v1/https/repo1.maven.org/maven2/com/vladsch/flexmark/flexmark-ext-superscript/0.62.2/flexmark-ext-superscript-0.62.2.jar doesn't exist!
2024.11.23 18:17:30 ERROR Bloop server PID: 8047
Ignoring SIGINT
Will truncate output file /Users/stephensagarino/Library/Caches/ScalaCli/bloop/daemon/output every 5 minutes
SLF4J(I): Connected with provider of type [ch.qos.logback.classic.spi.LogbackServiceProvider]
Unable to load nailgun-version.properties.
NGServer [UNKNOWN] started on local socket /Users/stephensagarino/Library/Caches/ScalaCli/bloop/daemon/socket.
/Users/stephensagarino/Library/Caches/ScalaCli/bloop
/Users/stephensagarino/Library/Caches/ScalaCli/bloop

2024.11.23 18:17:30 ERROR Failed to connect with build server, no functionality will work.
java.util.concurrent.ExecutionException: org.eclipse.lsp4j.jsonrpc.ResponseErrorException: bloop.data.Project$ProjectReadException: Failed to load project from /Users/stephensagarino/Desktop/chat-me/.bloop/root-test.json
	at bloop.data.Project$.fromBytesAndOrigin(Project.scala:276)
	at bloop.engine.BuildLoader$.loadProject(BuildLoader.scala:264)
	at bloop.engine.BuildLoader$.$anonfun$loadBuildIncrementally$3(BuildLoader.scala:59)
	at monix.eval.internal.TaskRunLoop$.startFull(TaskRunLoop.scala:81)
	at monix.eval.internal.TaskRestartCallback.syncOnSuccess(TaskRestartCallback.scala:101)
	at monix.eval.internal.TaskRestartCallback.onSuccess(TaskRestartCallback.scala:74)
	at monix.eval.internal.TaskShift$Register$$anon$1.run(TaskShift.scala:65)
	at monix.execution.internal.InterceptRunnable.run(InterceptRunnable.scala:27)
	at java.base/java.util.concurrent.ThreadPoolExecutor.runWorker(ThreadPoolExecutor.java:1144)
	at java.base/java.util.concurrent.ThreadPoolExecutor$Worker.run(ThreadPoolExecutor.java:642)
	at java.base/java.lang.Thread.run(Thread.java:1575)
Caused by: java.nio.file.NoSuchFileException: /Users/stsagarino/Library/Caches/Coursier/v1/https/repo1.maven.org/maven2/org/scala-lang/scala3-library_3/3.3.1/scala3-library_3-3.3.1.jar
	at java.base/sun.nio.fs.UnixException.translateToIOException(UnixException.java:92)
	at java.base/sun.nio.fs.UnixException.rethrowAsIOException(UnixException.java:106)
	at java.base/sun.nio.fs.UnixException.rethrowAsIOException(UnixException.java:111)
	at java.base/sun.nio.fs.UnixFileAttributeViews$Basic.readAttributes(UnixFileAttributeViews.java:56)
	at java.base/sun.nio.fs.UnixFileSystemProvider.readAttributes(UnixFileSystemProvider.java:172)
	at java.base/java.nio.file.Files.readAttributes(Files.java:1865)
	at bloop.ScalaInstance.$anonfun$hashCode$1(ScalaInstance.scala:114)
	at scala.collection.TraversableLike.$anonfun$map$1(TraversableLike.scala:286)
	at scala.collection.IndexedSeqOptimized.foreach(IndexedSeqOptimized.scala:36)
	at scala.collection.IndexedSeqOptimized.foreach$(IndexedSeqOptimized.scala:33)
	at scala.collection.mutable.WrappedArray.foreach(WrappedArray.scala:38)
	at scala.collection.TraversableLike.map(TraversableLike.scala:286)
	at scala.collection.TraversableLike.map$(TraversableLike.scala:279)
	at scala.collection.AbstractTraversable.map(Traversable.scala:108)
	at bloop.ScalaInstance.<init>(ScalaInstance.scala:110)
	at bloop.ScalaInstance$.newInstance$1(ScalaInstance.scala:198)
	at bloop.ScalaInstance$.$anonfun$apply$9(ScalaInstance.scala:204)
	at java.base/java.util.concurrent.ConcurrentHashMap.computeIfAbsent(ConcurrentHashMap.java:1713)
	at bloop.ScalaInstance$.apply(ScalaInstance.scala:204)
	at bloop.data.Project$.$anonfun$fromConfig$1(Project.scala:298)
	at scala.Option.flatMap(Option.scala:271)
	at bloop.data.Project$.fromConfig(Project.scala:287)
	at bloop.data.Project$.fromBytesAndOrigin(Project.scala:270)
	... 10 more

	at java.util.concurrent.CompletableFuture.wrapInExecutionException(CompletableFuture.java:345)
	at java.util.concurrent.CompletableFuture.reportGet(CompletableFuture.java:440)
	at java.util.concurrent.CompletableFuture.get(CompletableFuture.java:2140)
	at scala.meta.internal.metals.BuildServerConnection$.initialize(BuildServerConnection.scala:751)
	at scala.meta.internal.metals.BuildServerConnection$.$anonfun$fromSockets$1(BuildServerConnection.scala:626)
	at scala.concurrent.impl.Promise$Transformation.run(Promise.scala:467)
	at java.util.concurrent.ThreadPoolExecutor.runWorker(ThreadPoolExecutor.java:1144)
	at java.util.concurrent.ThreadPoolExecutor$Worker.run(ThreadPoolExecutor.java:642)
	at java.lang.Thread.run(Thread.java:1575)
Caused by: org.eclipse.lsp4j.jsonrpc.ResponseErrorException: bloop.data.Project$ProjectReadException: Failed to load project from /Users/stephensagarino/Desktop/chat-me/.bloop/root-test.json
	at bloop.data.Project$.fromBytesAndOrigin(Project.scala:276)
	at bloop.engine.BuildLoader$.loadProject(BuildLoader.scala:264)
	at bloop.engine.BuildLoader$.$anonfun$loadBuildIncrementally$3(BuildLoader.scala:59)
	at monix.eval.internal.TaskRunLoop$.startFull(TaskRunLoop.scala:81)
	at monix.eval.internal.TaskRestartCallback.syncOnSuccess(TaskRestartCallback.scala:101)
	at monix.eval.internal.TaskRestartCallback.onSuccess(TaskRestartCallback.scala:74)
	at monix.eval.internal.TaskShift$Register$$anon$1.run(TaskShift.scala:65)
	at monix.execution.internal.InterceptRunnable.run(InterceptRunnable.scala:27)
	at java.base/java.util.concurrent.ThreadPoolExecutor.runWorker(ThreadPoolExecutor.java:1144)
	at java.base/java.util.concurrent.ThreadPoolExecutor$Worker.run(ThreadPoolExecutor.java:642)
	at java.base/java.lang.Thread.run(Thread.java:1575)
Caused by: java.nio.file.NoSuchFileException: /Users/stsagarino/Library/Caches/Coursier/v1/https/repo1.maven.org/maven2/org/scala-lang/scala3-library_3/3.3.1/scala3-library_3-3.3.1.jar
	at java.base/sun.nio.fs.UnixException.translateToIOException(UnixException.java:92)
	at java.base/sun.nio.fs.UnixException.rethrowAsIOException(UnixException.java:106)
	at java.base/sun.nio.fs.UnixException.rethrowAsIOException(UnixException.java:111)
	at java.base/sun.nio.fs.UnixFileAttributeViews$Basic.readAttributes(UnixFileAttributeViews.java:56)
	at java.base/sun.nio.fs.UnixFileSystemProvider.readAttributes(UnixFileSystemProvider.java:172)
	at java.base/java.nio.file.Files.readAttributes(Files.java:1865)
	at bloop.ScalaInstance.$anonfun$hashCode$1(ScalaInstance.scala:114)
	at scala.collection.TraversableLike.$anonfun$map$1(TraversableLike.scala:286)
	at scala.collection.IndexedSeqOptimized.foreach(IndexedSeqOptimized.scala:36)
	at scala.collection.IndexedSeqOptimized.foreach$(IndexedSeqOptimized.scala:33)
	at scala.collection.mutable.WrappedArray.foreach(WrappedArray.scala:38)
	at scala.collection.TraversableLike.map(TraversableLike.scala:286)
	at scala.collection.TraversableLike.map$(TraversableLike.scala:279)
	at scala.collection.AbstractTraversable.map(Traversable.scala:108)
	at bloop.ScalaInstance.<init>(ScalaInstance.scala:110)
	at bloop.ScalaInstance$.newInstance$1(ScalaInstance.scala:198)
	at bloop.ScalaInstance$.$anonfun$apply$9(ScalaInstance.scala:204)
	at java.base/java.util.concurrent.ConcurrentHashMap.computeIfAbsent(ConcurrentHashMap.java:1713)
	at bloop.ScalaInstance$.apply(ScalaInstance.scala:204)
	at bloop.data.Project$.$anonfun$fromConfig$1(Project.scala:298)
	at scala.Option.flatMap(Option.scala:271)
	at bloop.data.Project$.fromConfig(Project.scala:287)
	at bloop.data.Project$.fromBytesAndOrigin(Project.scala:270)
	... 10 more

	at org.eclipse.lsp4j.jsonrpc.RemoteEndpoint.handleResponse(RemoteEndpoint.java:220)
	at org.eclipse.lsp4j.jsonrpc.RemoteEndpoint.consume(RemoteEndpoint.java:204)
	at scala.meta.internal.metals.RequestMonitorImpl$$anon$1.consume(ServerLivenessMonitor.scala:41)
	at org.eclipse.lsp4j.jsonrpc.json.StreamMessageProducer.handleMessage(StreamMessageProducer.java:185)
	at org.eclipse.lsp4j.jsonrpc.json.StreamMessageProducer.listen(StreamMessageProducer.java:97)
	at org.eclipse.lsp4j.jsonrpc.json.ConcurrentMessageProcessor.run(ConcurrentMessageProcessor.java:114)
	at java.util.concurrent.Executors$RunnableAdapter.call(Executors.java:572)
	at java.util.concurrent.FutureTask.run(FutureTask.java:317)
	at java.util.concurrent.ThreadPoolExecutor.runWorker(ThreadPoolExecutor.java:1144)
	at java.util.concurrent.ThreadPoolExecutor$Worker.run(ThreadPoolExecutor.java:642)
	at java.lang.Thread.run(Thread.java:1575)

2024.11.23 18:17:56 WARN  no build target for: /Users/stephensagarino/Desktop/chat-me/build.sbt
2024.11.23 18:17:56 INFO  Detected new build tool in /Users/stephensagarino/Desktop/chat-me
2024.11.23 18:17:57 INFO  no build target found for /Users/stephensagarino/Desktop/chat-me/build.sbt. Using presentation compiler with project's scala-library version: 3.3.4
2024.11.23 18:17:57 INFO  Attempting to connect to the build server...
2024.11.23 18:17:57 INFO  Found a Bloop server running
2024.11.23 18:18:02 INFO  tracing is disabled for protocol BSP, to enable tracing of incoming and outgoing JSON messages create an empty file at /Users/stephensagarino/Desktop/chat-me/.metals/bsp.trace.json or /Users/stephensagarino/Library/Caches/org.scalameta.metals/bsp.trace.json
2024.11.23 18:18:02 WARN  Scala instance jar /Users/stsagarino/Library/Caches/Coursier/v1/https/repo1.maven.org/maven2/org/scala-lang/scala3-library_3/3.3.1/scala3-library_3-3.3.1.jar doesn't exist!
2024.11.23 18:18:02 WARN  Scala instance jar /Users/stsagarino/Library/Caches/Coursier/v1/https/repo1.maven.org/maven2/org/scala-lang/scala-library/2.13.12/scala-library-2.13.12.jar doesn't exist!
2024.11.23 18:18:02 WARN  Scala instance jar /Users/stsagarino/Library/Caches/Coursier/v1/https/repo1.maven.org/maven2/org/scala-lang/scala3-compiler_3/3.3.1/scala3-compiler_3-3.3.1.jar doesn't exist!
2024.11.23 18:18:02 WARN  Scala instance jar /Users/stsagarino/Library/Caches/Coursier/v1/https/repo1.maven.org/maven2/org/scala-lang/scala3-interfaces/3.3.1/scala3-interfaces-3.3.1.jar doesn't exist!
2024.11.23 18:18:02 WARN  Scala instance jar /Users/stsagarino/Library/Caches/Coursier/v1/https/repo1.maven.org/maven2/org/scala-lang/tasty-core_3/3.3.1/tasty-core_3-3.3.1.jar doesn't exist!
2024.11.23 18:18:02 WARN  Scala instance jar /Users/stsagarino/Library/Caches/Coursier/v1/https/repo1.maven.org/maven2/org/scala-lang/modules/scala-asm/9.5.0-scala-1/scala-asm-9.5.0-scala-1.jar doesn't exist!
2024.11.23 18:18:02 WARN  Scala instance jar /Users/stsagarino/Library/Caches/Coursier/v1/https/repo1.maven.org/maven2/org/scala-sbt/compiler-interface/1.3.5/compiler-interface-1.3.5.jar doesn't exist!
2024.11.23 18:18:02 WARN  Scala instance jar /Users/stsagarino/Library/Caches/Coursier/v1/https/repo1.maven.org/maven2/org/jline/jline-reader/3.19.0/jline-reader-3.19.0.jar doesn't exist!
2024.11.23 18:18:02 WARN  Scala instance jar /Users/stsagarino/Library/Caches/Coursier/v1/https/repo1.maven.org/maven2/org/jline/jline-terminal/3.19.0/jline-terminal-3.19.0.jar doesn't exist!
2024.11.23 18:18:02 WARN  Scala instance jar /Users/stsagarino/Library/Caches/Coursier/v1/https/repo1.maven.org/maven2/org/jline/jline-terminal-jna/3.19.0/jline-terminal-jna-3.19.0.jar doesn't exist!
2024.11.23 18:18:02 WARN  Scala instance jar /Users/stsagarino/Library/Caches/Coursier/v1/https/repo1.maven.org/maven2/com/google/protobuf/protobuf-java/3.7.0/protobuf-java-3.7.0.jar doesn't exist!
2024.11.23 18:18:02 WARN  Scala instance jar /Users/stsagarino/Library/Caches/Coursier/v1/https/repo1.maven.org/maven2/org/scala-sbt/util-interface/1.3.0/util-interface-1.3.0.jar doesn't exist!
2024.11.23 18:18:02 WARN  Scala instance jar /Users/stsagarino/Library/Caches/Coursier/v1/https/repo1.maven.org/maven2/net/java/dev/jna/jna/5.3.1/jna-5.3.1.jar doesn't exist!
2024.11.23 18:18:02 WARN  Scala instance jar /Users/stsagarino/Library/Caches/Coursier/v1/https/repo1.maven.org/maven2/org/scala-lang/scaladoc_3/3.3.1/scaladoc_3-3.3.1.jar doesn't exist!
2024.11.23 18:18:02 WARN  Scala instance jar /Users/stsagarino/Library/Caches/Coursier/v1/https/repo1.maven.org/maven2/org/scala-lang/scala3-tasty-inspector_3/3.3.1/scala3-tasty-inspector_3-3.3.1.jar doesn't exist!
2024.11.23 18:18:02 WARN  Scala instance jar /Users/stsagarino/Library/Caches/Coursier/v1/https/repo1.maven.org/maven2/com/vladsch/flexmark/flexmark/0.62.2/flexmark-0.62.2.jar doesn't exist!
2024.11.23 18:18:02 WARN  Scala instance jar /Users/stsagarino/Library/Caches/Coursier/v1/https/repo1.maven.org/maven2/com/vladsch/flexmark/flexmark-util-ast/0.62.2/flexmark-util-ast-0.62.2.jar doesn't exist!
2024.11.23 18:18:02 WARN  Scala instance jar /Users/stsagarino/Library/Caches/Coursier/v1/https/repo1.maven.org/maven2/com/vladsch/flexmark/flexmark-util-data/0.62.2/flexmark-util-data-0.62.2.jar doesn't exist!
2024.11.23 18:18:02 WARN  Scala instance jar /Users/stsagarino/Library/Caches/Coursier/v1/https/repo1.maven.org/maven2/com/vladsch/flexmark/flexmark-util-html/0.62.2/flexmark-util-html-0.62.2.jar doesn't exist!
2024.11.23 18:18:02 WARN  Scala instance jar /Users/stsagarino/Library/Caches/Coursier/v1/https/repo1.maven.org/maven2/com/vladsch/flexmark/flexmark-ext-anchorlink/0.62.2/flexmark-ext-anchorlink-0.62.2.jar doesn't exist!
2024.11.23 18:18:02 WARN  Scala instance jar /Users/stsagarino/Library/Caches/Coursier/v1/https/repo1.maven.org/maven2/com/vladsch/flexmark/flexmark-ext-autolink/0.62.2/flexmark-ext-autolink-0.62.2.jar doesn't exist!
2024.11.23 18:18:02 WARN  Scala instance jar /Users/stsagarino/Library/Caches/Coursier/v1/https/repo1.maven.org/maven2/com/vladsch/flexmark/flexmark-ext-emoji/0.62.2/flexmark-ext-emoji-0.62.2.jar doesn't exist!
2024.11.23 18:18:02 WARN  Scala instance jar /Users/stsagarino/Library/Caches/Coursier/v1/https/repo1.maven.org/maven2/com/vladsch/flexmark/flexmark-ext-gfm-strikethrough/0.62.2/flexmark-ext-gfm-strikethrough-0.62.2.jar doesn't exist!
2024.11.23 18:18:02 WARN  Scala instance jar /Users/stsagarino/Library/Caches/Coursier/v1/https/repo1.maven.org/maven2/com/vladsch/flexmark/flexmark-ext-gfm-tasklist/0.62.2/flexmark-ext-gfm-tasklist-0.62.2.jar doesn't exist!
2024.11.23 18:18:02 WARN  Scala instance jar /Users/stsagarino/Library/Caches/Coursier/v1/https/repo1.maven.org/maven2/com/vladsch/flexmark/flexmark-ext-wikilink/0.62.2/flexmark-ext-wikilink-0.62.2.jar doesn't exist!
2024.11.23 18:18:02 WARN  Scala instance jar /Users/stsagarino/Library/Caches/Coursier/v1/https/repo1.maven.org/maven2/com/vladsch/flexmark/flexmark-ext-tables/0.62.2/flexmark-ext-tables-0.62.2.jar doesn't exist!
2024.11.23 18:18:02 WARN  Scala instance jar /Users/stsagarino/Library/Caches/Coursier/v1/https/repo1.maven.org/maven2/com/vladsch/flexmark/flexmark-ext-yaml-front-matter/0.62.2/flexmark-ext-yaml-front-matter-0.62.2.jar doesn't exist!
2024.11.23 18:18:02 WARN  Scala instance jar /Users/stsagarino/Library/Caches/Coursier/v1/https/repo1.maven.org/maven2/nl/big-o/liqp/0.8.2/liqp-0.8.2.jar doesn't exist!
2024.11.23 18:18:02 WARN  Scala instance jar /Users/stsagarino/Library/Caches/Coursier/v1/https/repo1.maven.org/maven2/org/jsoup/jsoup/1.14.3/jsoup-1.14.3.jar doesn't exist!
2024.11.23 18:18:02 WARN  Scala instance jar /Users/stsagarino/Library/Caches/Coursier/v1/https/repo1.maven.org/maven2/com/fasterxml/jackson/dataformat/jackson-dataformat-yaml/2.15.1/jackson-dataformat-yaml-2.15.1.jar doesn't exist!
2024.11.23 18:18:02 WARN  Scala instance jar /Users/stsagarino/Library/Caches/Coursier/v1/https/repo1.maven.org/maven2/org/scala-lang/scala3-library_3/3.3.1/scala3-library_3-3.3.1.jar doesn't exist!
2024.11.23 18:18:02 WARN  Scala instance jar /Users/stsagarino/Library/Caches/Coursier/v1/https/repo1.maven.org/maven2/org/scala-lang/scala-library/2.13.12/scala-library-2.13.12.jar doesn't exist!
2024.11.23 18:18:02 WARN  Scala instance jar /Users/stsagarino/Library/Caches/Coursier/v1/https/repo1.maven.org/maven2/org/scala-lang/scala3-compiler_3/3.3.1/scala3-compiler_3-3.3.1.jar doesn't exist!
2024.11.23 18:18:02 WARN  Scala instance jar /Users/stsagarino/Library/Caches/Coursier/v1/https/repo1.maven.org/maven2/org/scala-lang/scala3-interfaces/3.3.1/scala3-interfaces-3.3.1.jar doesn't exist!
2024.11.23 18:18:02 WARN  Scala instance jar /Users/stsagarino/Library/Caches/Coursier/v1/https/repo1.maven.org/maven2/org/scala-lang/tasty-core_3/3.3.1/tasty-core_3-3.3.1.jar doesn't exist!
2024.11.23 18:18:02 WARN  Scala instance jar /Users/stsagarino/Library/Caches/Coursier/v1/https/repo1.maven.org/maven2/com/vladsch/flexmark/flexmark-util-builder/0.62.2/flexmark-util-builder-0.62.2.jar doesn't exist!
2024.11.23 18:18:02 WARN  Scala instance jar /Users/stsagarino/Library/Caches/Coursier/v1/https/repo1.maven.org/maven2/com/vladsch/flexmark/flexmark-util-collection/0.62.2/flexmark-util-collection-0.62.2.jar doesn't exist!
2024.11.23 18:18:02 WARN  Scala instance jar /Users/stsagarino/Library/Caches/Coursier/v1/https/repo1.maven.org/maven2/com/vladsch/flexmark/flexmark-util-dependency/0.62.2/flexmark-util-dependency-0.62.2.jar doesn't exist!
2024.11.23 18:18:02 WARN  Scala instance jar /Users/stsagarino/Library/Caches/Coursier/v1/https/repo1.maven.org/maven2/com/vladsch/flexmark/flexmark-util-format/0.62.2/flexmark-util-format-0.62.2.jar doesn't exist!
2024.11.23 18:18:02 WARN  Scala instance jar /Users/stsagarino/Library/Caches/Coursier/v1/https/repo1.maven.org/maven2/org/scala-lang/modules/scala-asm/9.5.0-scala-1/scala-asm-9.5.0-scala-1.jar doesn't exist!
2024.11.23 18:18:02 WARN  Scala instance jar /Users/stsagarino/Library/Caches/Coursier/v1/https/repo1.maven.org/maven2/org/scala-sbt/compiler-interface/1.3.5/compiler-interface-1.3.5.jar doesn't exist!
2024.11.23 18:18:02 WARN  Scala instance jar /Users/stsagarino/Library/Caches/Coursier/v1/https/repo1.maven.org/maven2/org/jline/jline-reader/3.19.0/jline-reader-3.19.0.jar doesn't exist!
2024.11.23 18:18:02 WARN  Scala instance jar /Users/stsagarino/Library/Caches/Coursier/v1/https/repo1.maven.org/maven2/com/vladsch/flexmark/flexmark-util-misc/0.62.2/flexmark-util-misc-0.62.2.jar doesn't exist!
2024.11.23 18:18:02 WARN  Scala instance jar /Users/stsagarino/Library/Caches/Coursier/v1/https/repo1.maven.org/maven2/org/jline/jline-terminal/3.19.0/jline-terminal-3.19.0.jar doesn't exist!
2024.11.23 18:18:02 WARN  Scala instance jar /Users/stsagarino/Library/Caches/Coursier/v1/https/repo1.maven.org/maven2/com/vladsch/flexmark/flexmark-util-sequence/0.62.2/flexmark-util-sequence-0.62.2.jar doesn't exist!
2024.11.23 18:18:02 WARN  Scala instance jar /Users/stsagarino/Library/Caches/Coursier/v1/https/repo1.maven.org/maven2/org/jline/jline-terminal-jna/3.19.0/jline-terminal-jna-3.19.0.jar doesn't exist!
2024.11.23 18:18:02 WARN  Scala instance jar /Users/stsagarino/Library/Caches/Coursier/v1/https/repo1.maven.org/maven2/com/vladsch/flexmark/flexmark-util-visitor/0.62.2/flexmark-util-visitor-0.62.2.jar doesn't exist!
2024.11.23 18:18:02 WARN  Scala instance jar /Users/stsagarino/Library/Caches/Coursier/v1/https/repo1.maven.org/maven2/org/jetbrains/annotations/15.0/annotations-15.0.jar doesn't exist!
2024.11.23 18:18:02 WARN  Scala instance jar /Users/stsagarino/Library/Caches/Coursier/v1/https/repo1.maven.org/maven2/com/google/protobuf/protobuf-java/3.7.0/protobuf-java-3.7.0.jar doesn't exist!
2024.11.23 18:18:02 WARN  Scala instance jar /Users/stsagarino/Library/Caches/Coursier/v1/https/repo1.maven.org/maven2/org/scala-sbt/util-interface/1.3.0/util-interface-1.3.0.jar doesn't exist!
2024.11.23 18:18:02 WARN  Scala instance jar /Users/stsagarino/Library/Caches/Coursier/v1/https/repo1.maven.org/maven2/net/java/dev/jna/jna/5.3.1/jna-5.3.1.jar doesn't exist!
2024.11.23 18:18:02 WARN  Scala instance jar /Users/stsagarino/Library/Caches/Coursier/v1/https/repo1.maven.org/maven2/org/scala-lang/scaladoc_3/3.3.1/scaladoc_3-3.3.1.jar doesn't exist!
2024.11.23 18:18:02 WARN  Scala instance jar /Users/stsagarino/Library/Caches/Coursier/v1/https/repo1.maven.org/maven2/org/scala-lang/scala3-tasty-inspector_3/3.3.1/scala3-tasty-inspector_3-3.3.1.jar doesn't exist!
2024.11.23 18:18:02 WARN  Scala instance jar /Users/stsagarino/Library/Caches/Coursier/v1/https/repo1.maven.org/maven2/com/vladsch/flexmark/flexmark-util/0.62.2/flexmark-util-0.62.2.jar doesn't exist!
2024.11.23 18:18:02 WARN  Scala instance jar /Users/stsagarino/Library/Caches/Coursier/v1/https/repo1.maven.org/maven2/com/vladsch/flexmark/flexmark/0.62.2/flexmark-0.62.2.jar doesn't exist!
2024.11.23 18:18:02 WARN  Scala instance jar /Users/stsagarino/Library/Caches/Coursier/v1/https/repo1.maven.org/maven2/org/nibor/autolink/autolink/0.6.0/autolink-0.6.0.jar doesn't exist!
2024.11.23 18:18:02 WARN  Scala instance jar /Users/stsagarino/Library/Caches/Coursier/v1/https/repo1.maven.org/maven2/com/vladsch/flexmark/flexmark-util-ast/0.62.2/flexmark-util-ast-0.62.2.jar doesn't exist!
2024.11.23 18:18:02 WARN  Scala instance jar /Users/stsagarino/Library/Caches/Coursier/v1/https/repo1.maven.org/maven2/com/vladsch/flexmark/flexmark-util-data/0.62.2/flexmark-util-data-0.62.2.jar doesn't exist!
2024.11.23 18:18:02 WARN  Scala instance jar /Users/stsagarino/Library/Caches/Coursier/v1/https/repo1.maven.org/maven2/com/vladsch/flexmark/flexmark-util-html/0.62.2/flexmark-util-html-0.62.2.jar doesn't exist!
2024.11.23 18:18:02 WARN  Scala instance jar /Users/stsagarino/Library/Caches/Coursier/v1/https/repo1.maven.org/maven2/com/vladsch/flexmark/flexmark-ext-anchorlink/0.62.2/flexmark-ext-anchorlink-0.62.2.jar doesn't exist!
2024.11.23 18:18:02 WARN  Scala instance jar /Users/stsagarino/Library/Caches/Coursier/v1/https/repo1.maven.org/maven2/com/vladsch/flexmark/flexmark-jira-converter/0.62.2/flexmark-jira-converter-0.62.2.jar doesn't exist!
2024.11.23 18:18:02 WARN  Scala instance jar /Users/stsagarino/Library/Caches/Coursier/v1/https/repo1.maven.org/maven2/org/antlr/antlr4-runtime/4.7.2/antlr4-runtime-4.7.2.jar doesn't exist!
2024.11.23 18:18:02 WARN  Scala instance jar /Users/stsagarino/Library/Caches/Coursier/v1/https/repo1.maven.org/maven2/com/fasterxml/jackson/core/jackson-annotations/2.15.1/jackson-annotations-2.15.1.jar doesn't exist!
2024.11.23 18:18:02 WARN  Scala instance jar /Users/stsagarino/Library/Caches/Coursier/v1/https/repo1.maven.org/maven2/com/fasterxml/jackson/core/jackson-core/2.15.1/jackson-core-2.15.1.jar doesn't exist!
2024.11.23 18:18:02 WARN  Scala instance jar /Users/stsagarino/Library/Caches/Coursier/v1/https/repo1.maven.org/maven2/com/fasterxml/jackson/core/jackson-databind/2.15.1/jackson-databind-2.15.1.jar doesn't exist!
2024.11.23 18:18:02 WARN  Scala instance jar /Users/stsagarino/Library/Caches/Coursier/v1/https/repo1.maven.org/maven2/com/fasterxml/jackson/datatype/jackson-datatype-jsr310/2.12.1/jackson-datatype-jsr310-2.12.1.jar doesn't exist!
2024.11.23 18:18:02 WARN  Scala instance jar /Users/stsagarino/Library/Caches/Coursier/v1/https/repo1.maven.org/maven2/ua/co/k/strftime4j/1.0.5/strftime4j-1.0.5.jar doesn't exist!
2024.11.23 18:18:02 WARN  Scala instance jar /Users/stsagarino/Library/Caches/Coursier/v1/https/repo1.maven.org/maven2/org/yaml/snakeyaml/2.0/snakeyaml-2.0.jar doesn't exist!
2024.11.23 18:18:02 WARN  Scala instance jar /Users/stsagarino/Library/Caches/Coursier/v1/https/repo1.maven.org/maven2/com/vladsch/flexmark/flexmark-util-options/0.62.2/flexmark-util-options-0.62.2.jar doesn't exist!
2024.11.23 18:18:02 WARN  Scala instance jar /Users/stsagarino/Library/Caches/Coursier/v1/https/repo1.maven.org/maven2/com/vladsch/flexmark/flexmark-ext-ins/0.62.2/flexmark-ext-ins-0.62.2.jar doesn't exist!
2024.11.23 18:18:02 WARN  Scala instance jar /Users/stsagarino/Library/Caches/Coursier/v1/https/repo1.maven.org/maven2/com/vladsch/flexmark/flexmark-ext-superscript/0.62.2/flexmark-ext-superscript-0.62.2.jar doesn't exist!
2024.11.23 18:18:02 WARN  Scala instance jar /Users/stsagarino/Library/Caches/Coursier/v1/https/repo1.maven.org/maven2/com/vladsch/flexmark/flexmark-ext-autolink/0.62.2/flexmark-ext-autolink-0.62.2.jar doesn't exist!
2024.11.23 18:18:02 WARN  Scala instance jar /Users/stsagarino/Library/Caches/Coursier/v1/https/repo1.maven.org/maven2/com/vladsch/flexmark/flexmark-ext-emoji/0.62.2/flexmark-ext-emoji-0.62.2.jar doesn't exist!
2024.11.23 18:18:02 WARN  Scala instance jar /Users/stsagarino/Library/Caches/Coursier/v1/https/repo1.maven.org/maven2/com/vladsch/flexmark/flexmark-ext-gfm-strikethrough/0.62.2/flexmark-ext-gfm-strikethrough-0.62.2.jar doesn't exist!
2024.11.23 18:18:02 WARN  Scala instance jar /Users/stsagarino/Library/Caches/Coursier/v1/https/repo1.maven.org/maven2/com/vladsch/flexmark/flexmark-ext-gfm-tasklist/0.62.2/flexmark-ext-gfm-tasklist-0.62.2.jar doesn't exist!
2024.11.23 18:18:02 WARN  Scala instance jar /Users/stsagarino/Library/Caches/Coursier/v1/https/repo1.maven.org/maven2/com/vladsch/flexmark/flexmark-ext-wikilink/0.62.2/flexmark-ext-wikilink-0.62.2.jar doesn't exist!
2024.11.23 18:18:02 WARN  Scala instance jar /Users/stsagarino/Library/Caches/Coursier/v1/https/repo1.maven.org/maven2/com/vladsch/flexmark/flexmark-ext-tables/0.62.2/flexmark-ext-tables-0.62.2.jar doesn't exist!
2024.11.23 18:18:02 WARN  Scala instance jar /Users/stsagarino/Library/Caches/Coursier/v1/https/repo1.maven.org/maven2/com/vladsch/flexmark/flexmark-ext-yaml-front-matter/0.62.2/flexmark-ext-yaml-front-matter-0.62.2.jar doesn't exist!
2024.11.23 18:18:02 WARN  Scala instance jar /Users/stsagarino/Library/Caches/Coursier/v1/https/repo1.maven.org/maven2/nl/big-o/liqp/0.8.2/liqp-0.8.2.jar doesn't exist!
2024.11.23 18:18:02 WARN  Scala instance jar /Users/stsagarino/Library/Caches/Coursier/v1/https/repo1.maven.org/maven2/org/jsoup/jsoup/1.14.3/jsoup-1.14.3.jar doesn't exist!
2024.11.23 18:18:02 WARN  Scala instance jar /Users/stsagarino/Library/Caches/Coursier/v1/https/repo1.maven.org/maven2/com/fasterxml/jackson/dataformat/jackson-dataformat-yaml/2.15.1/jackson-dataformat-yaml-2.15.1.jar doesn't exist!
2024.11.23 18:18:02 WARN  Scala instance jar /Users/stsagarino/Library/Caches/Coursier/v1/https/repo1.maven.org/maven2/com/vladsch/flexmark/flexmark-util-builder/0.62.2/flexmark-util-builder-0.62.2.jar doesn't exist!
2024.11.23 18:18:02 WARN  Scala instance jar /Users/stsagarino/Library/Caches/Coursier/v1/https/repo1.maven.org/maven2/com/vladsch/flexmark/flexmark-util-collection/0.62.2/flexmark-util-collection-0.62.2.jar doesn't exist!
2024.11.23 18:18:02 ERROR Bloop server PID: 8047
Ignoring SIGINT
Will truncate output file /Users/stephensagarino/Library/Caches/ScalaCli/bloop/daemon/output every 5 minutes
SLF4J(I): Connected with provider of type [ch.qos.logback.classic.spi.LogbackServiceProvider]
Unable to load nailgun-version.properties.
NGServer [UNKNOWN] started on local socket /Users/stephensagarino/Library/Caches/ScalaCli/bloop/daemon/socket.
/Users/stephensagarino/Library/Caches/ScalaCli/bloop
/Users/stephensagarino/Library/Caches/ScalaCli/bloop
/Users/stephensagarino/Library/Caches/ScalaCli/bloop
/Users/stephensagarino/Library/Caches/ScalaCli/bloop

2024.11.23 18:18:02 WARN  Scala instance jar /Users/stsagarino/Library/Caches/Coursier/v1/https/repo1.maven.org/maven2/com/vladsch/flexmark/flexmark-util-dependency/0.62.2/flexmark-util-dependency-0.62.2.jar doesn't exist!
2024.11.23 18:18:02 ERROR Failed to connect with build server, no functionality will work.
java.util.concurrent.ExecutionException: org.eclipse.lsp4j.jsonrpc.ResponseErrorException: bloop.data.Project$ProjectReadException: Failed to load project from /Users/stephensagarino/Desktop/chat-me/.bloop/root.json
	at bloop.data.Project$.fromBytesAndOrigin(Project.scala:276)
	at bloop.engine.BuildLoader$.loadProject(BuildLoader.scala:264)
	at bloop.engine.BuildLoader$.$anonfun$loadBuildIncrementally$3(BuildLoader.scala:59)
	at monix.eval.internal.TaskRunLoop$.startFull(TaskRunLoop.scala:81)
	at monix.eval.internal.TaskRestartCallback.syncOnSuccess(TaskRestartCallback.scala:101)
	at monix.eval.internal.TaskRestartCallback.onSuccess(TaskRestartCallback.scala:74)
	at monix.eval.internal.TaskShift$Register$$anon$1.run(TaskShift.scala:65)
	at monix.execution.internal.InterceptRunnable.run(InterceptRunnable.scala:27)
	at java.base/java.util.concurrent.ThreadPoolExecutor.runWorker(ThreadPoolExecutor.java:1144)
	at java.base/java.util.concurrent.ThreadPoolExecutor$Worker.run(ThreadPoolExecutor.java:642)
	at java.base/java.lang.Thread.run(Thread.java:1575)
Caused by: java.nio.file.NoSuchFileException: /Users/stsagarino/Library/Caches/Coursier/v1/https/repo1.maven.org/maven2/org/scala-lang/scala3-library_3/3.3.1/scala3-library_3-3.3.1.jar
	at java.base/sun.nio.fs.UnixException.translateToIOException(UnixException.java:92)
	at java.base/sun.nio.fs.UnixException.rethrowAsIOException(UnixException.java:106)
	at java.base/sun.nio.fs.UnixException.rethrowAsIOException(UnixException.java:111)
	at java.base/sun.nio.fs.UnixFileAttributeViews$Basic.readAttributes(UnixFileAttributeViews.java:56)
	at java.base/sun.nio.fs.UnixFileSystemProvider.readAttributes(UnixFileSystemProvider.java:172)
	at java.base/java.nio.file.Files.readAttributes(Files.java:1865)
	at bloop.ScalaInstance.$anonfun$hashCode$1(ScalaInstance.scala:114)
	at scala.collection.TraversableLike.$anonfun$map$1(TraversableLike.scala:286)
	at scala.collection.IndexedSeqOptimized.foreach(IndexedSeqOptimized.scala:36)
	at scala.collection.IndexedSeqOptimized.foreach$(IndexedSeqOptimized.scala:33)
	at scala.collection.mutable.WrappedArray.foreach(WrappedArray.scala:38)
	at scala.collection.TraversableLike.map(TraversableLike.scala:286)
	at scala.collection.TraversableLike.map$(TraversableLike.scala:279)
	at scala.collection.AbstractTraversable.map(Traversable.scala:108)
	at bloop.ScalaInstance.<init>(ScalaInstance.scala:110)
	at bloop.ScalaInstance$.newInstance$1(ScalaInstance.scala:198)
	at bloop.ScalaInstance$.$anonfun$apply$9(ScalaInstance.scala:204)
	at java.base/java.util.concurrent.ConcurrentHashMap.computeIfAbsent(ConcurrentHashMap.java:1713)
	at bloop.ScalaInstance$.apply(ScalaInstance.scala:204)
	at bloop.data.Project$.$anonfun$fromConfig$1(Project.scala:298)
	at scala.Option.flatMap(Option.scala:271)
	at bloop.data.Project$.fromConfig(Project.scala:287)
	at bloop.data.Project$.fromBytesAndOrigin(Project.scala:270)
	... 10 more

	at java.util.concurrent.CompletableFuture.wrapInExecutionException(CompletableFuture.java:345)
	at java.util.concurrent.CompletableFuture.reportGet(CompletableFuture.java:440)
	at java.util.concurrent.CompletableFuture.get(CompletableFuture.java:2140)
	at scala.meta.internal.metals.BuildServerConnection$.initialize(BuildServerConnection.scala:751)
	at scala.meta.internal.metals.BuildServerConnection$.$anonfun$fromSockets$1(BuildServerConnection.scala:626)
	at scala.concurrent.impl.Promise$Transformation.run(Promise.scala:467)
	at java.util.concurrent.ThreadPoolExecutor.runWorker(ThreadPoolExecutor.java:1144)
	at java.util.concurrent.ThreadPoolExecutor$Worker.run(ThreadPoolExecutor.java:642)
	at java.lang.Thread.run(Thread.java:1575)
Caused by: org.eclipse.lsp4j.jsonrpc.ResponseErrorException: bloop.data.Project$ProjectReadException: Failed to load project from /Users/stephensagarino/Desktop/chat-me/.bloop/root.json
	at bloop.data.Project$.fromBytesAndOrigin(Project.scala:276)
	at bloop.engine.BuildLoader$.loadProject(BuildLoader.scala:264)
	at bloop.engine.BuildLoader$.$anonfun$loadBuildIncrementally$3(BuildLoader.scala:59)
	at monix.eval.internal.TaskRunLoop$.startFull(TaskRunLoop.scala:81)
	at monix.eval.internal.TaskRestartCallback.syncOnSuccess(TaskRestartCallback.scala:101)
	at monix.eval.internal.TaskRestartCallback.onSuccess(TaskRestartCallback.scala:74)
	at monix.eval.internal.TaskShift$Register$$anon$1.run(TaskShift.scala:65)
	at monix.execution.internal.InterceptRunnable.run(InterceptRunnable.scala:27)
	at java.base/java.util.concurrent.ThreadPoolExecutor.runWorker(ThreadPoolExecutor.java:1144)
	at java.base/java.util.concurrent.ThreadPoolExecutor$Worker.run(ThreadPoolExecutor.java:642)
	at java.base/java.lang.Thread.run(Thread.java:1575)
Caused by: java.nio.file.NoSuchFileException: /Users/stsagarino/Library/Caches/Coursier/v1/https/repo1.maven.org/maven2/org/scala-lang/scala3-library_3/3.3.1/scala3-library_3-3.3.1.jar
	at java.base/sun.nio.fs.UnixException.translateToIOException(UnixException.java:92)
	at java.base/sun.nio.fs.UnixException.rethrowAsIOException(UnixException.java:106)
	at java.base/sun.nio.fs.UnixException.rethrowAsIOException(UnixException.java:111)
	at java.base/sun.nio.fs.UnixFileAttributeViews$Basic.readAttributes(UnixFileAttributeViews.java:56)
	at java.base/sun.nio.fs.UnixFileSystemProvider.readAttributes(UnixFileSystemProvider.java:172)
	at java.base/java.nio.file.Files.readAttributes(Files.java:1865)
	at bloop.ScalaInstance.$anonfun$hashCode$1(ScalaInstance.scala:114)
	at scala.collection.TraversableLike.$anonfun$map$1(TraversableLike.scala:286)
	at scala.collection.IndexedSeqOptimized.foreach(IndexedSeqOptimized.scala:36)
	at scala.collection.IndexedSeqOptimized.foreach$(IndexedSeqOptimized.scala:33)
	at scala.collection.mutable.WrappedArray.foreach(WrappedArray.scala:38)
	at scala.collection.TraversableLike.map(TraversableLike.scala:286)
	at scala.collection.TraversableLike.map$(TraversableLike.scala:279)
	at scala.collection.AbstractTraversable.map(Traversable.scala:108)
	at bloop.ScalaInstance.<init>(ScalaInstance.scala:110)
	at bloop.ScalaInstance$.newInstance$1(ScalaInstance.scala:198)
	at bloop.ScalaInstance$.$anonfun$apply$9(ScalaInstance.scala:204)
	at java.base/java.util.concurrent.ConcurrentHashMap.computeIfAbsent(ConcurrentHashMap.java:1713)
	at bloop.ScalaInstance$.apply(ScalaInstance.scala:204)
	at bloop.data.Project$.$anonfun$fromConfig$1(Project.scala:298)
	at scala.Option.flatMap(Option.scala:271)
	at bloop.data.Project$.fromConfig(Project.scala:287)
	at bloop.data.Project$.fromBytesAndOrigin(Project.scala:270)
	... 10 more

	at org.eclipse.lsp4j.jsonrpc.RemoteEndpoint.handleResponse(RemoteEndpoint.java:220)
	at org.eclipse.lsp4j.jsonrpc.RemoteEndpoint.consume(RemoteEndpoint.java:204)
	at scala.meta.internal.metals.RequestMonitorImpl$$anon$1.consume(ServerLivenessMonitor.scala:41)
	at org.eclipse.lsp4j.jsonrpc.json.StreamMessageProducer.handleMessage(StreamMessageProducer.java:185)
	at org.eclipse.lsp4j.jsonrpc.json.StreamMessageProducer.listen(StreamMessageProducer.java:97)
	at org.eclipse.lsp4j.jsonrpc.json.ConcurrentMessageProcessor.run(ConcurrentMessageProcessor.java:114)
	at java.util.concurrent.Executors$RunnableAdapter.call(Executors.java:572)
	at java.util.concurrent.FutureTask.run(FutureTask.java:317)
	at java.util.concurrent.ThreadPoolExecutor.runWorker(ThreadPoolExecutor.java:1144)
	at java.util.concurrent.ThreadPoolExecutor$Worker.run(ThreadPoolExecutor.java:642)
	at java.lang.Thread.run(Thread.java:1575)

2024.11.23 18:18:02 WARN  Scala instance jar /Users/stsagarino/Library/Caches/Coursier/v1/https/repo1.maven.org/maven2/com/vladsch/flexmark/flexmark-util-format/0.62.2/flexmark-util-format-0.62.2.jar doesn't exist!
2024.11.23 18:18:02 WARN  Scala instance jar /Users/stsagarino/Library/Caches/Coursier/v1/https/repo1.maven.org/maven2/com/vladsch/flexmark/flexmark-util-misc/0.62.2/flexmark-util-misc-0.62.2.jar doesn't exist!
2024.11.23 18:18:02 WARN  Scala instance jar /Users/stsagarino/Library/Caches/Coursier/v1/https/repo1.maven.org/maven2/com/vladsch/flexmark/flexmark-util-sequence/0.62.2/flexmark-util-sequence-0.62.2.jar doesn't exist!
2024.11.23 18:18:02 WARN  Scala instance jar /Users/stsagarino/Library/Caches/Coursier/v1/https/repo1.maven.org/maven2/com/vladsch/flexmark/flexmark-util-visitor/0.62.2/flexmark-util-visitor-0.62.2.jar doesn't exist!
2024.11.23 18:18:02 WARN  Scala instance jar /Users/stsagarino/Library/Caches/Coursier/v1/https/repo1.maven.org/maven2/org/jetbrains/annotations/15.0/annotations-15.0.jar doesn't exist!
2024.11.23 18:18:02 WARN  Scala instance jar /Users/stsagarino/Library/Caches/Coursier/v1/https/repo1.maven.org/maven2/com/vladsch/flexmark/flexmark-util/0.62.2/flexmark-util-0.62.2.jar doesn't exist!
2024.11.23 18:18:02 WARN  Scala instance jar /Users/stsagarino/Library/Caches/Coursier/v1/https/repo1.maven.org/maven2/org/nibor/autolink/autolink/0.6.0/autolink-0.6.0.jar doesn't exist!
2024.11.23 18:18:02 WARN  Scala instance jar /Users/stsagarino/Library/Caches/Coursier/v1/https/repo1.maven.org/maven2/com/vladsch/flexmark/flexmark-jira-converter/0.62.2/flexmark-jira-converter-0.62.2.jar doesn't exist!
2024.11.23 18:18:02 WARN  Scala instance jar /Users/stsagarino/Library/Caches/Coursier/v1/https/repo1.maven.org/maven2/org/antlr/antlr4-runtime/4.7.2/antlr4-runtime-4.7.2.jar doesn't exist!
2024.11.23 18:18:02 WARN  Scala instance jar /Users/stsagarino/Library/Caches/Coursier/v1/https/repo1.maven.org/maven2/com/fasterxml/jackson/core/jackson-annotations/2.15.1/jackson-annotations-2.15.1.jar doesn't exist!
2024.11.23 18:18:02 WARN  Scala instance jar /Users/stsagarino/Library/Caches/Coursier/v1/https/repo1.maven.org/maven2/com/fasterxml/jackson/core/jackson-core/2.15.1/jackson-core-2.15.1.jar doesn't exist!
2024.11.23 18:18:02 WARN  Scala instance jar /Users/stsagarino/Library/Caches/Coursier/v1/https/repo1.maven.org/maven2/com/fasterxml/jackson/core/jackson-databind/2.15.1/jackson-databind-2.15.1.jar doesn't exist!
2024.11.23 18:18:02 WARN  Scala instance jar /Users/stsagarino/Library/Caches/Coursier/v1/https/repo1.maven.org/maven2/com/fasterxml/jackson/datatype/jackson-datatype-jsr310/2.12.1/jackson-datatype-jsr310-2.12.1.jar doesn't exist!
2024.11.23 18:18:02 WARN  Scala instance jar /Users/stsagarino/Library/Caches/Coursier/v1/https/repo1.maven.org/maven2/ua/co/k/strftime4j/1.0.5/strftime4j-1.0.5.jar doesn't exist!
2024.11.23 18:18:02 WARN  Scala instance jar /Users/stsagarino/Library/Caches/Coursier/v1/https/repo1.maven.org/maven2/org/yaml/snakeyaml/2.0/snakeyaml-2.0.jar doesn't exist!
2024.11.23 18:18:02 WARN  Scala instance jar /Users/stsagarino/Library/Caches/Coursier/v1/https/repo1.maven.org/maven2/com/vladsch/flexmark/flexmark-util-options/0.62.2/flexmark-util-options-0.62.2.jar doesn't exist!
2024.11.23 18:18:02 WARN  Scala instance jar /Users/stsagarino/Library/Caches/Coursier/v1/https/repo1.maven.org/maven2/com/vladsch/flexmark/flexmark-ext-ins/0.62.2/flexmark-ext-ins-0.62.2.jar doesn't exist!
2024.11.23 18:18:02 WARN  Scala instance jar /Users/stsagarino/Library/Caches/Coursier/v1/https/repo1.maven.org/maven2/com/vladsch/flexmark/flexmark-ext-superscript/0.62.2/flexmark-ext-superscript-0.62.2.jar doesn't exist!
2024.11.23 18:19:10 WARN  no build target for: /Users/stephensagarino/Desktop/chat-me/build.sbt
2024.11.23 18:19:10 WARN  no build target for: /Users/stephensagarino/Desktop/chat-me/build.sc
2024.11.23 18:26:43 INFO  Shutting down server
2024.11.23 18:26:43 INFO  shutting down Metals
2024.11.23 18:26:43 INFO  Exiting server
